{"synthetic": false,
 "schemaVersion": "2025-09-10",
 "outputs": null,
 "log":
 [{"message":
   ".> ELAN=elan ELAN_HOME=/home/runner/.elan ELAN_TOOLCHAIN=leanprover/lean4-nightly:nightly-2026-05-01 LAKE=/home/runner/.elan/toolchains/leanprover--lean4-nightly---nightly-2026-05-01/bin/lake LAKE_HOME=/home/runner/.elan/toolchains/leanprover--lean4-nightly---nightly-2026-05-01 LAKE_CONFIG=/home/runner/.lake/config.toml LAKE_PKG_URL_MAP={} LAKE_NO_CACHE=false LAKE_CACHE_KEY= LAKE_CACHE_ARTIFACT_ENDPOINT= LAKE_CACHE_REVISION_ENDPOINT= LAKE_CACHE_SERVICE= LEAN=/home/runner/.elan/toolchains/leanprover--lean4-nightly---nightly-2026-05-01/bin/lean LEAN_SYSROOT=/home/runner/.elan/toolchains/leanprover--lean4-nightly---nightly-2026-05-01 LEAN_AR=/home/runner/.elan/toolchains/leanprover--lean4-nightly---nightly-2026-05-01/bin/llvm-ar LEAN_CC= LAKE_CACHE_DIR=/home/runner/.elan/toolchains/leanprover--lean4-nightly---nightly-2026-05-01/lake/cache LAKE_ARTIFACT_CACHE= LEAN_PATH=/home/runner/work/veir/veir/.lake/packages/MD4Lean/.lake/build/lib/lean:/home/runner/work/veir/veir/.lake/packages/BibtexQuery/.lake/build/lib/lean:/home/runner/work/veir/veir/.lake/packages/UnicodeBasic/.lake/build/lib/lean:/home/runner/work/veir/veir/.lake/packages/Cli/.lake/build/lib/lean:/home/runner/work/veir/veir/.lake/build/lib/lean:/home/runner/work/veir/veir/.lake/packages/doc-gen4/.lake/build/lib/lean:/home/runner/work/veir/veir/docbuild/.lake/build/lib/lean:/home/runner/.elan/toolchains/leanprover--lean4-nightly---nightly-2026-05-01/lib/lean LEAN_SRC_PATH=/home/runner/work/veir/veir/.lake/packages/MD4Lean:/home/runner/work/veir/veir/.lake/packages/MD4Lean:/home/runner/work/veir/veir/.lake/packages/BibtexQuery:/home/runner/work/veir/veir/.lake/packages/UnicodeBasic:/home/runner/work/veir/veir/.lake/packages/UnicodeBasic:/home/runner/work/veir/veir/.lake/packages/Cli:/home/runner/work/veir/veir/.lake/packages/Cli:/home/runner/work/veir/veir:/home/runner/work/veir/veir:/home/runner/work/veir/veir/.lake/packages/doc-gen4:/home/runner/.elan/toolchains/leanprover--lean4-nightly---nightly-2026-05-01/src/lean/lake LEAN_GITHASH=53db2211243d6617ef764e217d73441093e174f0 PATH LD_LIBRARY_PATH=/home/runner/.elan/toolchains/leanprover--lean4-nightly---nightly-2026-05-01/lib/lean:/home/runner/.elan/toolchains/leanprover--lean4-nightly---nightly-2026-05-01/lib:/home/runner/work/veir/veir/docbuild/.lake/build/lib:/home/runner/work/veir/veir/.lake/packages/doc-gen4/.lake/build/lib:/home/runner/work/veir/veir/.lake/build/lib:/home/runner/work/veir/veir/.lake/packages/Cli/.lake/build/lib:/home/runner/work/veir/veir/.lake/packages/UnicodeBasic/.lake/build/lib:/home/runner/work/veir/veir/.lake/packages/BibtexQuery/.lake/build/lib:/home/runner/work/veir/veir/.lake/packages/MD4Lean/.lake/build/lib /home/runner/work/veir/veir/.lake/packages/doc-gen4/.lake/build/bin/doc-gen4 single --build /home/runner/work/veir/veir/docbuild/.lake/build Veir.Rewriter.GetSet https://github.com/alexanderlhicks/veir/blob/65b768d91cf519030f31b1df8b463fcf1934ee4e/Veir/Rewriter/GetSet.lean",
   "level": "trace"}],
 "inputs":
 [["<collection>",
   [["/home/runner/work/veir/veir/docbuild/.lake/build/doc/Veir/Rewriter/GetSet/InsertOp.html",
     "784ffe9e0cb88b20"],
    ["/home/runner/work/veir/veir/docbuild/.lake/build/doc/Veir/Rewriter/GetSet/InsertBlock.html",
     "07852c734eb01a2b"],
    ["/home/runner/work/veir/veir/docbuild/.lake/build/doc/Veir/Rewriter/GetSet/DetachOp.html",
     "824741f5c9be9887"],
    ["/home/runner/work/veir/veir/docbuild/.lake/build/doc/Veir/Rewriter/GetSet/DetachOperands.html",
     "cf506a65983269ef"],
    ["/home/runner/work/veir/veir/docbuild/.lake/build/doc/Veir/Rewriter/GetSet/DetachBlockOperands.html",
     "659e24af5a1bc9c5"],
    ["/home/runner/work/veir/veir/docbuild/.lake/build/doc/Veir/Rewriter/GetSet/ReplaceUse.html",
     "14d2e33747e92f16"],
    ["/home/runner/work/veir/veir/docbuild/.lake/build/doc/Veir/Rewriter/GetSet/Results.html",
     "c326f10081e5626d"],
    ["/home/runner/work/veir/veir/docbuild/.lake/build/doc/Veir/Rewriter/GetSet/Regions.html",
     "023d3e5cc0d25c2f"],
    ["/home/runner/work/veir/veir/docbuild/.lake/build/doc/Veir/Rewriter/GetSet/Operands.html",
     "3480b5b024198488"],
    ["/home/runner/work/veir/veir/docbuild/.lake/build/doc/Veir/Rewriter/GetSet/BlockOperands.html",
     "227b02e70c1487f1"],
    ["/home/runner/work/veir/veir/docbuild/.lake/build/doc/Veir/Rewriter/GetSet/CreateOp.html",
     "7c6ec9e00fd138fe"],
    ["/home/runner/work/veir/veir/docbuild/.lake/build/doc/Veir/Rewriter/GetSet/CreateRegion.html",
     "f314d497d8f2ab6e"]]],
  ["/home/runner/work/veir/veir/docbuild/.lake/build/doc-data/references.json",
   "16fb262bc340d332"],
  ["/home/runner/work/veir/veir/.lake/packages/doc-gen4/.lake/build/bin/doc-gen4",
   "f746d23b62b69be2"],
  ["Veir.Rewriter.GetSet:leanArts", "df85f80b6ccc0843"]],
 "depHash": "ac9c9f213990e39e"}