{"synthetic": false,
 "schemaVersion": "2025-09-10",
 "outputs": null,
 "log":
 [{"message": "Documentation indexing", "level": "info"},
  {"message":
   ".> /home/runner/work/veir/veir/.lake/packages/doc-gen4/.lake/build/bin/doc-gen4 index --build /home/runner/work/veir/veir/docbuild/.lake/build",
   "level": "trace"}],
 "inputs":
 [["/home/runner/work/veir/veir/docbuild/.lake/build/doc-data/references.json",
   "16fb262bc340d332"],
  ["/home/runner/work/veir/veir/.lake/packages/doc-gen4/.lake/build/bin/doc-gen4",
   "aafe4e9029cfe58c"],
  ["<nil>", "098a3534669fc542"],
  ["<collection>",
   [["/home/runner/work/veir/veir/docbuild/.lake/build/doc/Veir/Data/LLVM/Int/Basic.html",
     "3007697f36dc4bad"],
    ["/home/runner/work/veir/veir/docbuild/.lake/build/doc/Veir/ForLean.html",
     "951d23fb634ef878"],
    ["/home/runner/work/veir/veir/docbuild/.lake/build/doc/Veir/Data/LLVM/Int/Lemmas.html",
     "720c610be1fc439a"],
    ["/home/runner/work/veir/veir/docbuild/.lake/build/doc/Veir/Data/LLVM/Int.html",
     "ec14128aafa4882a"],
    ["/home/runner/work/veir/veir/docbuild/.lake/build/doc/Veir/Data/LLVM/Byte/Basic.html",
     "682c9e2c882e2e80"],
    ["/home/runner/work/veir/veir/docbuild/.lake/build/doc/Veir/Data/LLVM/Byte/Lemmas.html",
     "fba8a7b9d8ee283f"],
    ["/home/runner/work/veir/veir/docbuild/.lake/build/doc/Veir/Data/LLVM/Byte/Examples.html",
     "0414dc307a4df00a"],
    ["/home/runner/work/veir/veir/docbuild/.lake/build/doc/Veir/Data/LLVM/Byte.html",
     "0839b62839c62108"],
    ["/home/runner/work/veir/veir/docbuild/.lake/build/doc/Veir/Data/LLVM.html",
     "e8b00aaebd9b5fe1"],
    ["/home/runner/work/veir/veir/docbuild/.lake/build/doc/Veir/Data/FP/PackedFloat/Basic.html",
     "80aefa25c85f3b24"],
    ["/home/runner/work/veir/veir/docbuild/.lake/build/doc/Veir/Data/FP/PackedFloat/OfFloat.html",
     "bb786ee189d00960"],
    ["/home/runner/work/veir/veir/docbuild/.lake/build/doc/Veir/Data/FP/PackedFloat.html",
     "149166c116af50d0"],
    ["/home/runner/work/veir/veir/docbuild/.lake/build/doc/Veir/Data/FP.html",
     "bdc8086144344897"],
    ["/home/runner/work/veir/veir/docbuild/.lake/build/doc/Veir/Data.html",
     "8ddcb5bb3f54329b"],
    ["/home/runner/work/veir/veir/docbuild/.lake/build/doc/Veir/Prelude.html",
     "8d71ee3981fd15fd"],
    ["/home/runner/work/veir/veir/docbuild/.lake/build/doc/Veir/IR/OpInfo.html",
     "b76fc58863be65ee"],
    ["/home/runner/work/veir/veir/docbuild/.lake/build/doc/Veir/IR/Attribute.html",
     "2180a17241d555d8"],
    ["/home/runner/work/veir/veir/docbuild/.lake/build/doc/Veir/IR/Simp.html",
     "4bf5464852b9b8ee"],
    ["/home/runner/work/veir/veir/docbuild/.lake/build/doc/Veir/IR/Basic.html",
     "5cd555ebab82d95b"],
    ["/home/runner/work/veir/veir/docbuild/.lake/build/doc/Veir/IR/InBounds.html",
     "0908b7e68c4bab8d"],
    ["/home/runner/work/veir/veir/docbuild/.lake/build/doc/Veir/IR/GetSet.html",
     "d59c2ae304178477"],
    ["/home/runner/work/veir/veir/docbuild/.lake/build/doc/Veir/IR/Fields.html",
     "9eb0590a850a5c77"],
    ["/home/runner/work/veir/veir/docbuild/.lake/build/doc/Veir/IR/Grind.html",
     "3fc07acb04f3eedf"],
    ["/home/runner/work/veir/veir/docbuild/.lake/build/doc/Veir/IR/WellFormed.html",
     "64edc94def497471"],
    ["/home/runner/work/veir/veir/docbuild/.lake/build/doc/Veir/IR.html",
     "38c50f8e8207107a"],
    ["/home/runner/work/veir/veir/docbuild/.lake/build/doc/Veir/Rewriter/InsertPoint.html",
     "ae1b763592c1ced2"],
    ["/home/runner/work/veir/veir/docbuild/.lake/build/doc/Veir/Rewriter/LinkedList/Basic.html",
     "17d29557eea27441"],
    ["/home/runner/work/veir/veir/docbuild/.lake/build/doc/Veir/Rewriter/LinkedList/GetSet.html",
     "008f79cd9e04a5ff"],
    ["/home/runner/work/veir/veir/docbuild/.lake/build/doc/Veir/Rewriter/LinkedList/WellFormed.html",
     "8751afca7d5bdd0e"],
    ["/home/runner/work/veir/veir/docbuild/.lake/build/doc/Veir/Rewriter/LinkedList.html",
     "a1319117b1c5b02d"],
    ["/home/runner/work/veir/veir/docbuild/.lake/build/doc/Veir/Rewriter/Basic.html",
     "252566ba99872fc9"],
    ["/home/runner/work/veir/veir/docbuild/.lake/build/doc/Veir/IR/DeallocLemmas.html",
     "8468ea5d2ce2df99"],
    ["/home/runner/work/veir/veir/docbuild/.lake/build/doc/Veir/Rewriter/GetSet/InsertOp.html",
     "a94c53063907d187"],
    ["/home/runner/work/veir/veir/docbuild/.lake/build/doc/Veir/Rewriter/GetSet/InsertBlock.html",
     "94f9bbc1e1cedba3"],
    ["/home/runner/work/veir/veir/docbuild/.lake/build/doc/Veir/Rewriter/GetSet/DetachOperands.html",
     "f1c1852c5d6a30b2"],
    ["/home/runner/work/veir/veir/docbuild/.lake/build/doc/Veir/Rewriter/GetSet/DetachBlockOperands.html",
     "54d2e990fe20b55b"],
    ["/home/runner/work/veir/veir/docbuild/.lake/build/doc/Veir/Rewriter/GetSet/DetachOp.html",
     "9cf51b1043e7863d"],
    ["/home/runner/work/veir/veir/docbuild/.lake/build/doc/Veir/Rewriter/GetSet/ReplaceUse.html",
     "6f7ccaf7e4aee833"],
    ["/home/runner/work/veir/veir/docbuild/.lake/build/doc/Veir/Rewriter/GetSet/Results.html",
     "e5cc9a891ad70b1b"],
    ["/home/runner/work/veir/veir/docbuild/.lake/build/doc/Veir/Rewriter/GetSet/Regions.html",
     "4395b12e680a9480"],
    ["/home/runner/work/veir/veir/docbuild/.lake/build/doc/Veir/Rewriter/GetSet/Operands.html",
     "18c3f07fb6f43fba"],
    ["/home/runner/work/veir/veir/docbuild/.lake/build/doc/Veir/Rewriter/GetSet/BlockOperands.html",
     "fa47ddf7977ef54a"],
    ["/home/runner/work/veir/veir/docbuild/.lake/build/doc/Veir/Rewriter/GetSet/CreateOp.html",
     "5043207ce7416330"],
    ["/home/runner/work/veir/veir/docbuild/.lake/build/doc/Veir/Rewriter/GetSet/CreateRegion.html",
     "b4fc5d17a9ae3220"],
    ["/home/runner/work/veir/veir/docbuild/.lake/build/doc/Veir/Rewriter/GetSet.html",
     "c4b3586f43ce2791"],
    ["/home/runner/work/veir/veir/docbuild/.lake/build/doc/Veir/Rewriter/WellFormed/Block.html",
     "60a23e77085f9dab"],
    ["/home/runner/work/veir/veir/docbuild/.lake/build/doc/Veir/Rewriter/WellFormed/BlockOperands.html",
     "e91d65d5ac945aeb"],
    ["/home/runner/work/veir/veir/docbuild/.lake/build/doc/Veir/Rewriter/WellFormed/Region.html",
     "52da3ccfaef59769"],
    ["/home/runner/work/veir/veir/docbuild/.lake/build/doc/Veir/Rewriter/WellFormed/OpOperands.html",
     "7d2be21e447d0f3e"],
    ["/home/runner/work/veir/veir/docbuild/.lake/build/doc/Veir/Rewriter/WellFormed/OpRegion.html",
     "1584ae1bf671a7d4"],
    ["/home/runner/work/veir/veir/docbuild/.lake/build/doc/Veir/Rewriter/WellFormed/OpResults.html",
     "d7881cd084b06038"],
    ["/home/runner/work/veir/veir/docbuild/.lake/build/doc/Veir/Rewriter/WellFormed/Operation.html",
     "fe28fcfd958f5aaf"],
    ["/home/runner/work/veir/veir/docbuild/.lake/build/doc/Veir/Rewriter/WellFormed/IRContext.html",
     "ed62cc123ee5693f"],
    ["/home/runner/work/veir/veir/docbuild/.lake/build/doc/Veir/Rewriter/WellFormed/Value.html",
     "c11413f9dc01ccba"],
    ["/home/runner/work/veir/veir/docbuild/.lake/build/doc/Veir/Rewriter/WellFormed/ReplaceOp.html",
     "828959161d5bcb54"],
    ["/home/runner/work/veir/veir/docbuild/.lake/build/doc/Veir/Rewriter/WellFormed.html",
     "53e5dece392ed3dd"],
    ["/home/runner/work/veir/veir/docbuild/.lake/build/doc/Veir/Meta/Attrs.html",
     "2986a0fe58fecc1c"],
    ["/home/runner/work/veir/veir/docbuild/.lake/build/doc/Veir/Meta/OpCode.html",
     "b858054abe840fc8"],
    ["/home/runner/work/veir/veir/docbuild/.lake/build/doc/Veir/OpCode.html",
     "b9ccb4ef8d711ad5"],
    ["/home/runner/work/veir/veir/docbuild/.lake/build/doc/Veir/Properties.html",
     "33832155ffd6078c"],
    ["/home/runner/work/veir/veir/docbuild/.lake/build/doc/Veir/Rewriter/InlineBlock.html",
     "ad5aa65bba5f1b77"],
    ["/home/runner/work/veir/veir/docbuild/.lake/build/doc/Veir/Rewriter/WfRewriter/Basic.html",
     "c020f5d22b82ad36"],
    ["/home/runner/work/veir/veir/docbuild/.lake/build/doc/Veir/Rewriter/WfRewriter/GetSet.html",
     "ce2901fa3bf64817"],
    ["/home/runner/work/veir/veir/docbuild/.lake/build/doc/Veir/Rewriter/WfRewriter.html",
     "6fe07d80eb189aa4"],
    ["/home/runner/work/veir/veir/docbuild/.lake/build/doc/Veir/Dialects/Arith/OpInfo.html",
     "2aeb9c0475899b2d"],
    ["/home/runner/work/veir/veir/docbuild/.lake/build/doc/Veir/Dialects/LLVM/OpInfo.html",
     "a96d047c74b2dc4c"],
    ["/home/runner/work/veir/veir/docbuild/.lake/build/doc/Veir/Dialects/RISCV/OpInfo.html",
     "8665a85cf9fbd61c"],
    ["/home/runner/work/veir/veir/docbuild/.lake/build/doc/Veir/Dialects/ModArith/OpInfo.html",
     "ed95376ac2ed8a58"],
    ["/home/runner/work/veir/veir/docbuild/.lake/build/doc/Veir/Dialects/Cf/OpInfo.html",
     "564f54e7202fb94c"],
    ["/home/runner/work/veir/veir/docbuild/.lake/build/doc/Veir/Dialects/Comb/OpInfo.html",
     "65fb31f5037079dc"],
    ["/home/runner/work/veir/veir/docbuild/.lake/build/doc/Veir/GlobalOpInfo.html",
     "dc70572ec6aff8d8"],
    ["/home/runner/work/veir/veir/docbuild/.lake/build/doc/Veir/Printer.html",
     "66d6f17c3b0f093f"],
    ["/home/runner/work/veir/veir/docbuild/.lake/build/doc/Veir/PatternRewriter/Basic.html",
     "9e198370c55439e8"],
    ["/home/runner/work/veir/veir/docbuild/.lake/build/doc/Veir/Benchmarks.html",
     "f021a0eb7d78ff52"],
    ["/home/runner/work/veir/veir/docbuild/.lake/build/doc/Veir/Parser/Lexer.html",
     "cc9ef549abc95f27"],
    ["/home/runner/work/veir/veir/docbuild/.lake/build/doc/Veir/Data/RISCV/Reg/Simp.html",
     "caf7f30eaa8fe717"],
    ["/home/runner/work/veir/veir/docbuild/.lake/build/doc/Veir/Data/RISCV/Reg/Basic.html",
     "2782df9082b00433"],
    ["/home/runner/work/veir/veir/docbuild/.lake/build/doc/Veir/Data/Casting.html",
     "10158c0d6b1738ba"],
    ["/home/runner/work/veir/veir/docbuild/.lake/build/doc/Veir/Interpreter/Basic.html",
     "c9f48505cf0321cc"],
    ["/home/runner/work/veir/veir/docbuild/.lake/build/doc/Veir/Dominance.html",
     "e0cd1bdf266f5995"],
    ["/home/runner/work/veir/veir/docbuild/.lake/build/doc/Veir/Interpreter/Lemmas.html",
     "b4d8f0317dd7ffdb"],
    ["/home/runner/work/veir/veir/docbuild/.lake/build/doc/Veir/Interpreter/EquationLemma.html",
     "e375fe038b183b9b"],
    ["/home/runner/work/veir/veir/docbuild/.lake/build/doc/Veir/Interpreter.html",
     "ba7adc8fe7a2a4ea"],
    ["/home/runner/work/veir/veir/docbuild/.lake/build/doc/Veir.html",
     "b85938b8e9282a90"]]]],
 "depHash": "37f4099635b649de"}